<?xml version="1.0" encoding="UTF-8"?>
<!-- Generated by org.testng.reporters.JUnitXMLReporter -->
<testsuite hostname="ASUS-PC" name="话费购项目-系统流程测试监控" tests="4" failures="2" timestamp="24 Feb 2019 10:33:46 GMT" time="43.307" errors="0">
  <testcase name="feature" time="0.299" classname="com.cucumber.demo.RunCukesTest"/>
  <testcase name="feature" time="21.613" classname="com.cucumber.demo.RunCukesTest"/>
  <testcase name="feature" time="20.445" classname="com.cucumber.demo.RunCukesTest">
    <failure type="cucumber.runtime.CucumberException" message="java.lang.AssertionError">
      <![CDATA[cucumber.runtime.CucumberException: java.lang.AssertionError
	at cucumber.api.testng.TestNGCucumberRunner.runCucumber(TestNGCucumberRunner.java:69)
	at cucumber.api.testng.AbstractTestNGCucumberTests.feature(AbstractTestNGCucumberTests.java:21)
Caused by: java.lang.AssertionError
	at org.junit.Assert.fail(Assert.java:86)
	at org.junit.Assert.assertTrue(Assert.java:41)
	at org.junit.Assert.assertTrue(Assert.java:52)
	at com.cucumber.demo.TestLemfix.i_verify_login_result(TestLemfix.java:57)
	at ✽.Then I verify login "success"(testLogin.feature:7)
... Removed 27 stack frames]]>
    </failure>
  </testcase> <!-- feature -->
  <testcase name="feature" time="42.44" classname="com.cucumber.demo.RunCukesTest">
    <failure type="java.lang.AbstractMethodError" message="org.apache.maven.surefire.report.PojoStackTraceWriter.smartTrimmedStackTrace()Ljava/lang/String;">
      <![CDATA[java.lang.AbstractMethodError: org.apache.maven.surefire.report.PojoStackTraceWriter.smartTrimmedStackTrace()Ljava/lang/String;
... Removed 29 stack frames]]>
    </failure>
  </testcase> <!-- feature -->
</testsuite> <!-- 话费购项目-系统流程测试监控 -->
